<?xml version="1.0" encoding="UTF-8"?>
<!-- Generated by org.testng.reporters.JUnitReportReporter -->
<testsuite hostname="IAD-5CG00974HS" failures="0" tests="1" name="tests.TestsExamples" time="1.312" errors="0" timestamp="2023-01-28T21:44:23 EST" skipped="0">
  <testcase classname="tests.TestsExamples" name="test_1" time="1.312"/>
  <system-out/>
</testsuite> <!-- tests.TestsExamples -->
